<?xml version="1.0" encoding="UTF-8" ?>
<testsuites name="vitest tests" tests="12" failures="0" errors="0" time="0.522995292">
    <testsuite name="__tests__/app/dashboard/dashboard-client.test.tsx" timestamp="2026-04-13T04:46:48.860Z" hostname="Mijans-MacBook-Pro.local" tests="12" failures="0" errors="0" skipped="0" time="0.522995292">
        <testcase classname="__tests__/app/dashboard/dashboard-client.test.tsx" name="DashboardClient &gt; renders brand, sidebar controls, category tabs, and logout" time="0.060441">
        </testcase>
        <testcase classname="__tests__/app/dashboard/dashboard-client.test.tsx" name="DashboardClient &gt; shows a sign-up success popup when signup feedback exists in session storage" time="0.067688916">
        </testcase>
        <testcase classname="__tests__/app/dashboard/dashboard-client.test.tsx" name="DashboardClient &gt; does not render a greeting strip when the profile has no name" time="0.018643958">
        </testcase>
        <testcase classname="__tests__/app/dashboard/dashboard-client.test.tsx" name="DashboardClient &gt; shows load error banner when loadError is set" time="0.018731375">
        </testcase>
        <testcase classname="__tests__/app/dashboard/dashboard-client.test.tsx" name="DashboardClient &gt; shows tickets placeholder when Tickets sidebar item is selected" time="0.048209625">
        </testcase>
        <testcase classname="__tests__/app/dashboard/dashboard-client.test.tsx" name="DashboardClient &gt; shows a movie event on Upcoming + Movies when name matches keywords" time="0.034185625">
        </testcase>
        <testcase classname="__tests__/app/dashboard/dashboard-client.test.tsx" name="DashboardClient &gt; shows empty state when category has no matches for current sidebar slice" time="0.035007125">
        </testcase>
        <testcase classname="__tests__/app/dashboard/dashboard-client.test.tsx" name="DashboardClient &gt; excludes past events from the upcoming view" time="0.0114875">
        </testcase>
        <testcase classname="__tests__/app/dashboard/dashboard-client.test.tsx" name="DashboardClient &gt; shows ticker text for the selected category" time="0.035011834">
        </testcase>
        <testcase classname="__tests__/app/dashboard/dashboard-client.test.tsx" name="DashboardClient &gt; filters events using location and keyword search fields" time="0.082879333">
        </testcase>
        <testcase classname="__tests__/app/dashboard/dashboard-client.test.tsx" name="DashboardClient &gt; applies filtering by date range" time="0.06792">
        </testcase>
        <testcase classname="__tests__/app/dashboard/dashboard-client.test.tsx" name="DashboardClient &gt; allows hiding and unhiding the search bar" time="0.041871083">
        </testcase>
    </testsuite>
</testsuites>
