<?xml version="1.0" encoding="UTF-8" ?>
<testsuites name="vitest tests" tests="12" failures="0" errors="0" time="0.422950875">
    <testsuite name="__tests__/app/dashboard/dashboard-client.test.tsx" timestamp="2026-04-13T05:43:47.037Z" hostname="Mijans-MacBook-Pro.local" tests="12" failures="0" errors="0" skipped="0" time="0.422950875">
        <testcase classname="__tests__/app/dashboard/dashboard-client.test.tsx" name="DashboardClient &gt; renders brand, sidebar controls, category tabs, and logout" time="0.054234458">
        </testcase>
        <testcase classname="__tests__/app/dashboard/dashboard-client.test.tsx" name="DashboardClient &gt; shows a sign-up success popup when signup feedback exists in session storage" time="0.00941925">
        </testcase>
        <testcase classname="__tests__/app/dashboard/dashboard-client.test.tsx" name="DashboardClient &gt; does not render a greeting strip when the profile has no name" time="0.008781208">
        </testcase>
        <testcase classname="__tests__/app/dashboard/dashboard-client.test.tsx" name="DashboardClient &gt; shows load error banner when loadError is set" time="0.00874825">
        </testcase>
        <testcase classname="__tests__/app/dashboard/dashboard-client.test.tsx" name="DashboardClient &gt; shows tickets placeholder when Tickets sidebar item is selected" time="0.032186625">
        </testcase>
        <testcase classname="__tests__/app/dashboard/dashboard-client.test.tsx" name="DashboardClient &gt; shows a movie event on Upcoming + Movies when name matches keywords" time="0.028279375">
        </testcase>
        <testcase classname="__tests__/app/dashboard/dashboard-client.test.tsx" name="DashboardClient &gt; shows empty state when category has no matches for current sidebar slice" time="0.035674708">
        </testcase>
        <testcase classname="__tests__/app/dashboard/dashboard-client.test.tsx" name="DashboardClient &gt; excludes past events from the upcoming view" time="0.01136825">
        </testcase>
        <testcase classname="__tests__/app/dashboard/dashboard-client.test.tsx" name="DashboardClient &gt; shows ticker text for the selected category" time="0.0370015">
        </testcase>
        <testcase classname="__tests__/app/dashboard/dashboard-client.test.tsx" name="DashboardClient &gt; filters events using location and keyword search fields" time="0.081558167">
        </testcase>
        <testcase classname="__tests__/app/dashboard/dashboard-client.test.tsx" name="DashboardClient &gt; applies filtering by date range" time="0.071018292">
        </testcase>
        <testcase classname="__tests__/app/dashboard/dashboard-client.test.tsx" name="DashboardClient &gt; allows hiding and unhiding the search bar" time="0.043919292">
        </testcase>
    </testsuite>
</testsuites>
